{"/home/laboratoriad301/Documentos/Track-Frond/SCL007-md-links/index.js": {"path":"/home/laboratoriad301/Documentos/Track-Frond/SCL007-md-links/index.js","statementMap":{"0":{"start":{"line":3,"column":9},"end":{"line":3,"column":22}},"1":{"start":{"line":4,"column":11},"end":{"line":4,"column":26}},"2":{"start":{"line":5,"column":28},"end":{"line":5,"column":62}},"3":{"start":{"line":6,"column":12},"end":{"line":6,"column":33}},"4":{"start":{"line":7,"column":12},"end":{"line":7,"column":28}},"5":{"start":{"line":8,"column":20},"end":{"line":8,"column":35}},"6":{"start":{"line":11,"column":15},"end":{"line":11,"column":17}},"7":{"start":{"line":14,"column":0},"end":{"line":50,"column":1}},"8":{"start":{"line":15,"column":2},"end":{"line":48,"column":4}},"9":{"start":{"line":16,"column":4},"end":{"line":46,"column":6}},"10":{"start":{"line":18,"column":6},"end":{"line":20,"column":7}},"11":{"start":{"line":19,"column":8},"end":{"line":19,"column":27}},"12":{"start":{"line":21,"column":6},"end":{"line":45,"column":7}},"13":{"start":{"line":22,"column":8},"end":{"line":39,"column":11}},"14":{"start":{"line":23,"column":10},"end":{"line":25,"column":11}},"15":{"start":{"line":24,"column":12},"end":{"line":24,"column":31}},"16":{"start":{"line":27,"column":21},"end":{"line":27,"column":78}},"17":{"start":{"line":27,"column":44},"end":{"line":27,"column":77}},"18":{"start":{"line":29,"column":24},"end":{"line":33,"column":12}},"19":{"start":{"line":30,"column":25},"end":{"line":30,"column":55}},"20":{"start":{"line":32,"column":12},"end":{"line":32,"column":24}},"21":{"start":{"line":35,"column":10},"end":{"line":38,"column":11}},"22":{"start":{"line":36,"column":12},"end":{"line":36,"column":39}},"23":{"start":{"line":37,"column":12},"end":{"line":37,"column":38}},"24":{"start":{"line":41,"column":12},"end":{"line":45,"column":7}},"25":{"start":{"line":42,"column":8},"end":{"line":42,"column":37}},"26":{"start":{"line":44,"column":8},"end":{"line":44,"column":20}},"27":{"start":{"line":52,"column":0},"end":{"line":69,"column":1}},"28":{"start":{"line":53,"column":2},"end":{"line":68,"column":6}},"29":{"start":{"line":54,"column":19},"end":{"line":54,"column":44}},"30":{"start":{"line":55,"column":17},"end":{"line":57,"column":9}},"31":{"start":{"line":56,"column":7},"end":{"line":56,"column":28}},"32":{"start":{"line":58,"column":19},"end":{"line":65,"column":9}},"33":{"start":{"line":59,"column":9},"end":{"line":64,"column":10}},"34":{"start":{"line":60,"column":11},"end":{"line":60,"column":25}},"35":{"start":{"line":63,"column":11},"end":{"line":63,"column":20}},"36":{"start":{"line":66,"column":7},"end":{"line":66,"column":28}},"37":{"start":{"line":71,"column":0},"end":{"line":98,"column":1}},"38":{"start":{"line":73,"column":0},"end":{"line":97,"column":3}},"39":{"start":{"line":74,"column":2},"end":{"line":96,"column":4}},"40":{"start":{"line":75,"column":18},"end":{"line":75,"column":20}},"41":{"start":{"line":76,"column":4},"end":{"line":78,"column":5}},"42":{"start":{"line":77,"column":8},"end":{"line":77,"column":28}},"43":{"start":{"line":79,"column":21},"end":{"line":79,"column":47}},"44":{"start":{"line":81,"column":6},"end":{"line":94,"column":7}},"45":{"start":{"line":82,"column":19},"end":{"line":82,"column":54}},"46":{"start":{"line":84,"column":7},"end":{"line":93,"column":8}},"47":{"start":{"line":85,"column":8},"end":{"line":92,"column":10}},"48":{"start":{"line":86,"column":11},"end":{"line":91,"column":13}},"49":{"start":{"line":95,"column":4},"end":{"line":95,"column":27}},"50":{"start":{"line":100,"column":0},"end":{"line":121,"column":3}},"51":{"start":{"line":102,"column":2},"end":{"line":120,"column":4}},"52":{"start":{"line":103,"column":4},"end":{"line":119,"column":5}},"53":{"start":{"line":104,"column":5},"end":{"line":116,"column":8}},"54":{"start":{"line":106,"column":10},"end":{"line":112,"column":11}},"55":{"start":{"line":107,"column":12},"end":{"line":107,"column":58}},"56":{"start":{"line":108,"column":16},"end":{"line":112,"column":11}},"57":{"start":{"line":109,"column":12},"end":{"line":109,"column":67}},"58":{"start":{"line":111,"column":12},"end":{"line":111,"column":83}},"59":{"start":{"line":115,"column":10},"end":{"line":115,"column":79}},"60":{"start":{"line":118,"column":6},"end":{"line":118,"column":69}},"61":{"start":{"line":126,"column":21},"end":{"line":163,"column":1}},"62":{"start":{"line":127,"column":0},"end":{"line":162,"column":2}},"63":{"start":{"line":128,"column":0},"end":{"line":161,"column":4}},"64":{"start":{"line":130,"column":4},"end":{"line":130,"column":38}},"65":{"start":{"line":133,"column":4},"end":{"line":135,"column":6}},"66":{"start":{"line":134,"column":6},"end":{"line":134,"column":38}},"67":{"start":{"line":138,"column":4},"end":{"line":138,"column":29}},"68":{"start":{"line":141,"column":18},"end":{"line":141,"column":20}},"69":{"start":{"line":142,"column":4},"end":{"line":146,"column":5}},"70":{"start":{"line":143,"column":8},"end":{"line":145,"column":11}},"71":{"start":{"line":144,"column":10},"end":{"line":144,"column":31}},"72":{"start":{"line":147,"column":3},"end":{"line":149,"column":5}},"73":{"start":{"line":148,"column":5},"end":{"line":148,"column":31}},"74":{"start":{"line":152,"column":4},"end":{"line":154,"column":6}},"75":{"start":{"line":153,"column":6},"end":{"line":153,"column":40}},"76":{"start":{"line":157,"column":6},"end":{"line":157,"column":42}},"77":{"start":{"line":160,"column":4},"end":{"line":160,"column":31}},"78":{"start":{"line":165,"column":0},"end":{"line":169,"column":1}},"79":{"start":{"line":166,"column":2},"end":{"line":168,"column":3}},"80":{"start":{"line":167,"column":4},"end":{"line":167,"column":126}},"81":{"start":{"line":170,"column":0},"end":{"line":181,"column":1}},"82":{"start":{"line":172,"column":19},"end":{"line":172,"column":30}},"83":{"start":{"line":173,"column":16},"end":{"line":175,"column":11}},"84":{"start":{"line":174,"column":4},"end":{"line":174,"column":35}},"85":{"start":{"line":176,"column":18},"end":{"line":176,"column":38}},"86":{"start":{"line":177,"column":15},"end":{"line":177,"column":111}},"87":{"start":{"line":178,"column":2},"end":{"line":178,"column":22}},"88":{"start":{"line":179,"column":2},"end":{"line":179,"column":15}},"89":{"start":{"line":182,"column":0},"end":{"line":189,"column":1}},"90":{"start":{"line":183,"column":19},"end":{"line":183,"column":21}},"91":{"start":{"line":184,"column":2},"end":{"line":187,"column":3}},"92":{"start":{"line":185,"column":4},"end":{"line":185,"column":33}},"93":{"start":{"line":186,"column":3},"end":{"line":186,"column":92}},"94":{"start":{"line":188,"column":2},"end":{"line":188,"column":19}},"95":{"start":{"line":191,"column":0},"end":{"line":216,"column":1}},"96":{"start":{"line":192,"column":18},"end":{"line":192,"column":20}},"97":{"start":{"line":195,"column":3},"end":{"line":201,"column":4}},"98":{"start":{"line":196,"column":5},"end":{"line":200,"column":6}},"99":{"start":{"line":197,"column":8},"end":{"line":197,"column":39}},"100":{"start":{"line":199,"column":8},"end":{"line":199,"column":33}},"101":{"start":{"line":203,"column":3},"end":{"line":214,"column":5}},"102":{"start":{"line":205,"column":5},"end":{"line":207,"column":6}},"103":{"start":{"line":206,"column":8},"end":{"line":206,"column":27}},"104":{"start":{"line":208,"column":6},"end":{"line":210,"column":5}},"105":{"start":{"line":209,"column":6},"end":{"line":209,"column":29}},"106":{"start":{"line":211,"column":4},"end":{"line":213,"column":4}},"107":{"start":{"line":212,"column":6},"end":{"line":212,"column":30}},"108":{"start":{"line":217,"column":0},"end":{"line":220,"column":2}}},"fnMap":{"0":{"name":"(anonymous_0)","decl":{"start":{"line":14,"column":24},"end":{"line":14,"column":25}},"loc":{"start":{"line":14,"column":43},"end":{"line":50,"column":1}},"line":14},"1":{"name":"(anonymous_1)","decl":{"start":{"line":15,"column":21},"end":{"line":15,"column":22}},"loc":{"start":{"line":15,"column":42},"end":{"line":48,"column":3}},"line":15},"2":{"name":"(anonymous_2)","decl":{"start":{"line":16,"column":28},"end":{"line":16,"column":29}},"loc":{"start":{"line":16,"column":44},"end":{"line":46,"column":5}},"line":16},"3":{"name":"(anonymous_3)","decl":{"start":{"line":22,"column":41},"end":{"line":22,"column":42}},"loc":{"start":{"line":22,"column":60},"end":{"line":39,"column":9}},"line":22},"4":{"name":"(anonymous_4)","decl":{"start":{"line":27,"column":34},"end":{"line":27,"column":35}},"loc":{"start":{"line":27,"column":44},"end":{"line":27,"column":77}},"line":27},"5":{"name":"(anonymous_5)","decl":{"start":{"line":29,"column":33},"end":{"line":29,"column":34}},"loc":{"start":{"line":29,"column":44},"end":{"line":33,"column":11}},"line":29},"6":{"name":"(anonymous_6)","decl":{"start":{"line":35,"column":47},"end":{"line":35,"column":48}},"loc":{"start":{"line":35,"column":56},"end":{"line":38,"column":9}},"line":35},"7":{"name":"(anonymous_7)","decl":{"start":{"line":52,"column":23},"end":{"line":52,"column":24}},"loc":{"start":{"line":52,"column":31},"end":{"line":69,"column":1}},"line":52},"8":{"name":"(anonymous_8)","decl":{"start":{"line":53,"column":21},"end":{"line":53,"column":22}},"loc":{"start":{"line":53,"column":42},"end":{"line":68,"column":5}},"line":53},"9":{"name":"(anonymous_9)","decl":{"start":{"line":55,"column":31},"end":{"line":55,"column":32}},"loc":{"start":{"line":55,"column":42},"end":{"line":57,"column":8}},"line":55},"10":{"name":"(anonymous_10)","decl":{"start":{"line":58,"column":31},"end":{"line":58,"column":32}},"loc":{"start":{"line":58,"column":42},"end":{"line":65,"column":8}},"line":58},"11":{"name":"(anonymous_11)","decl":{"start":{"line":71,"column":19},"end":{"line":71,"column":20}},"loc":{"start":{"line":71,"column":29},"end":{"line":98,"column":1}},"line":71},"12":{"name":"(anonymous_12)","decl":{"start":{"line":73,"column":20},"end":{"line":73,"column":21}},"loc":{"start":{"line":73,"column":39},"end":{"line":97,"column":2}},"line":73},"13":{"name":"(anonymous_13)","decl":{"start":{"line":74,"column":20},"end":{"line":74,"column":21}},"loc":{"start":{"line":74,"column":41},"end":{"line":96,"column":3}},"line":74},"14":{"name":"(anonymous_14)","decl":{"start":{"line":100,"column":21},"end":{"line":100,"column":22}},"loc":{"start":{"line":100,"column":34},"end":{"line":121,"column":3}},"line":100},"15":{"name":"(anonymous_15)","decl":{"start":{"line":102,"column":22},"end":{"line":102,"column":23}},"loc":{"start":{"line":102,"column":41},"end":{"line":120,"column":3}},"line":102},"16":{"name":"(anonymous_16)","decl":{"start":{"line":105,"column":13},"end":{"line":105,"column":14}},"loc":{"start":{"line":105,"column":21},"end":{"line":113,"column":7}},"line":105},"17":{"name":"(anonymous_17)","decl":{"start":{"line":114,"column":13},"end":{"line":114,"column":14}},"loc":{"start":{"line":114,"column":21},"end":{"line":116,"column":7}},"line":114},"18":{"name":"(anonymous_18)","decl":{"start":{"line":126,"column":21},"end":{"line":126,"column":22}},"loc":{"start":{"line":126,"column":40},"end":{"line":163,"column":1}},"line":126},"19":{"name":"(anonymous_19)","decl":{"start":{"line":127,"column":20},"end":{"line":127,"column":21}},"loc":{"start":{"line":127,"column":39},"end":{"line":162,"column":1}},"line":127},"20":{"name":"(anonymous_20)","decl":{"start":{"line":129,"column":8},"end":{"line":129,"column":9}},"loc":{"start":{"line":129,"column":16},"end":{"line":131,"column":3}},"line":129},"21":{"name":"(anonymous_21)","decl":{"start":{"line":132,"column":8},"end":{"line":132,"column":9}},"loc":{"start":{"line":132,"column":15},"end":{"line":136,"column":3}},"line":132},"22":{"name":"(anonymous_22)","decl":{"start":{"line":133,"column":21},"end":{"line":133,"column":22}},"loc":{"start":{"line":133,"column":31},"end":{"line":135,"column":5}},"line":133},"23":{"name":"(anonymous_23)","decl":{"start":{"line":137,"column":8},"end":{"line":137,"column":9}},"loc":{"start":{"line":137,"column":15},"end":{"line":139,"column":3}},"line":137},"24":{"name":"(anonymous_24)","decl":{"start":{"line":140,"column":8},"end":{"line":140,"column":9}},"loc":{"start":{"line":140,"column":15},"end":{"line":150,"column":3}},"line":140},"25":{"name":"(anonymous_25)","decl":{"start":{"line":143,"column":38},"end":{"line":143,"column":39}},"loc":{"start":{"line":143,"column":47},"end":{"line":145,"column":9}},"line":143},"26":{"name":"(anonymous_26)","decl":{"start":{"line":147,"column":25},"end":{"line":147,"column":26}},"loc":{"start":{"line":147,"column":40},"end":{"line":149,"column":4}},"line":147},"27":{"name":"(anonymous_27)","decl":{"start":{"line":151,"column":8},"end":{"line":151,"column":9}},"loc":{"start":{"line":151,"column":15},"end":{"line":155,"column":3}},"line":151},"28":{"name":"(anonymous_28)","decl":{"start":{"line":152,"column":21},"end":{"line":152,"column":22}},"loc":{"start":{"line":152,"column":31},"end":{"line":154,"column":5}},"line":152},"29":{"name":"(anonymous_29)","decl":{"start":{"line":156,"column":8},"end":{"line":156,"column":9}},"loc":{"start":{"line":156,"column":15},"end":{"line":159,"column":3}},"line":156},"30":{"name":"(anonymous_30)","decl":{"start":{"line":159,"column":11},"end":{"line":159,"column":12}},"loc":{"start":{"line":159,"column":20},"end":{"line":161,"column":3}},"line":159},"31":{"name":"(anonymous_31)","decl":{"start":{"line":165,"column":16},"end":{"line":165,"column":17}},"loc":{"start":{"line":165,"column":25},"end":{"line":169,"column":1}},"line":165},"32":{"name":"(anonymous_32)","decl":{"start":{"line":170,"column":21},"end":{"line":170,"column":22}},"loc":{"start":{"line":170,"column":30},"end":{"line":181,"column":1}},"line":170},"33":{"name":"(anonymous_33)","decl":{"start":{"line":173,"column":28},"end":{"line":173,"column":29}},"loc":{"start":{"line":173,"column":37},"end":{"line":175,"column":3}},"line":173},"34":{"name":"(anonymous_34)","decl":{"start":{"line":182,"column":20},"end":{"line":182,"column":21}},"loc":{"start":{"line":182,"column":29},"end":{"line":189,"column":1}},"line":182},"35":{"name":"(anonymous_35)","decl":{"start":{"line":204,"column":9},"end":{"line":204,"column":10}},"loc":{"start":{"line":204,"column":16},"end":{"line":214,"column":4}},"line":204}},"branchMap":{"0":{"loc":{"start":{"line":18,"column":6},"end":{"line":20,"column":7}},"type":"if","locations":[{"start":{"line":18,"column":6},"end":{"line":20,"column":7}},{"start":{"line":18,"column":6},"end":{"line":20,"column":7}}],"line":18},"1":{"loc":{"start":{"line":21,"column":6},"end":{"line":45,"column":7}},"type":"if","locations":[{"start":{"line":21,"column":6},"end":{"line":45,"column":7}},{"start":{"line":21,"column":6},"end":{"line":45,"column":7}}],"line":21},"2":{"loc":{"start":{"line":23,"column":10},"end":{"line":25,"column":11}},"type":"if","locations":[{"start":{"line":23,"column":10},"end":{"line":25,"column":11}},{"start":{"line":23,"column":10},"end":{"line":25,"column":11}}],"line":23},"3":{"loc":{"start":{"line":41,"column":12},"end":{"line":45,"column":7}},"type":"if","locations":[{"start":{"line":41,"column":12},"end":{"line":45,"column":7}},{"start":{"line":41,"column":12},"end":{"line":45,"column":7}}],"line":41},"4":{"loc":{"start":{"line":59,"column":9},"end":{"line":64,"column":10}},"type":"if","locations":[{"start":{"line":59,"column":9},"end":{"line":64,"column":10}},{"start":{"line":59,"column":9},"end":{"line":64,"column":10}}],"line":59},"5":{"loc":{"start":{"line":76,"column":4},"end":{"line":78,"column":5}},"type":"if","locations":[{"start":{"line":76,"column":4},"end":{"line":78,"column":5}},{"start":{"line":76,"column":4},"end":{"line":78,"column":5}}],"line":76},"6":{"loc":{"start":{"line":84,"column":7},"end":{"line":93,"column":8}},"type":"if","locations":[{"start":{"line":84,"column":7},"end":{"line":93,"column":8}},{"start":{"line":84,"column":7},"end":{"line":93,"column":8}}],"line":84},"7":{"loc":{"start":{"line":103,"column":4},"end":{"line":119,"column":5}},"type":"if","locations":[{"start":{"line":103,"column":4},"end":{"line":119,"column":5}},{"start":{"line":103,"column":4},"end":{"line":119,"column":5}}],"line":103},"8":{"loc":{"start":{"line":106,"column":10},"end":{"line":112,"column":11}},"type":"if","locations":[{"start":{"line":106,"column":10},"end":{"line":112,"column":11}},{"start":{"line":106,"column":10},"end":{"line":112,"column":11}}],"line":106},"9":{"loc":{"start":{"line":108,"column":16},"end":{"line":112,"column":11}},"type":"if","locations":[{"start":{"line":108,"column":16},"end":{"line":112,"column":11}},{"start":{"line":108,"column":16},"end":{"line":112,"column":11}}],"line":108},"10":{"loc":{"start":{"line":191,"column":0},"end":{"line":216,"column":1}},"type":"if","locations":[{"start":{"line":191,"column":0},"end":{"line":216,"column":1}},{"start":{"line":191,"column":0},"end":{"line":216,"column":1}}],"line":191},"11":{"loc":{"start":{"line":196,"column":5},"end":{"line":200,"column":6}},"type":"if","locations":[{"start":{"line":196,"column":5},"end":{"line":200,"column":6}},{"start":{"line":196,"column":5},"end":{"line":200,"column":6}}],"line":196},"12":{"loc":{"start":{"line":205,"column":5},"end":{"line":207,"column":6}},"type":"if","locations":[{"start":{"line":205,"column":5},"end":{"line":207,"column":6}},{"start":{"line":205,"column":5},"end":{"line":207,"column":6}}],"line":205},"13":{"loc":{"start":{"line":208,"column":6},"end":{"line":210,"column":5}},"type":"if","locations":[{"start":{"line":208,"column":6},"end":{"line":210,"column":5}},{"start":{"line":208,"column":6},"end":{"line":210,"column":5}}],"line":208},"14":{"loc":{"start":{"line":211,"column":4},"end":{"line":213,"column":4}},"type":"if","locations":[{"start":{"line":211,"column":4},"end":{"line":213,"column":4}},{"start":{"line":211,"column":4},"end":{"line":213,"column":4}}],"line":211}},"s":{"0":1,"1":1,"2":1,"3":1,"4":1,"5":1,"6":1,"7":1,"8":4,"9":4,"10":4,"11":0,"12":4,"13":1,"14":1,"15":0,"16":1,"17":1,"18":1,"19":1,"20":1,"21":1,"22":0,"23":0,"24":3,"25":3,"26":0,"27":1,"28":3,"29":3,"30":3,"31":3,"32":3,"33":3,"34":2,"35":1,"36":3,"37":1,"38":3,"39":3,"40":3,"41":3,"42":0,"43":3,"44":3,"45":518,"46":518,"47":49,"48":49,"49":3,"50":1,"51":49,"52":49,"53":49,"54":41,"55":41,"56":0,"57":0,"58":0,"59":0,"60":0,"61":1,"62":3,"63":3,"64":3,"65":3,"66":3,"67":3,"68":3,"69":3,"70":3,"71":49,"72":3,"73":0,"74":3,"75":49,"76":3,"77":0,"78":1,"79":0,"80":0,"81":1,"82":1,"83":1,"84":5,"85":1,"86":1,"87":1,"88":1,"89":1,"90":1,"91":1,"92":5,"93":5,"94":1,"95":1,"96":0,"97":0,"98":0,"99":0,"100":0,"101":0,"102":0,"103":0,"104":0,"105":0,"106":0,"107":0,"108":1},"f":{"0":4,"1":4,"2":4,"3":1,"4":1,"5":1,"6":0,"7":3,"8":3,"9":3,"10":3,"11":3,"12":3,"13":3,"14":49,"15":49,"16":41,"17":0,"18":3,"19":3,"20":3,"21":3,"22":3,"23":3,"24":3,"25":49,"26":0,"27":3,"28":49,"29":3,"30":0,"31":0,"32":1,"33":5,"34":1,"35":0},"b":{"0":[0,4],"1":[1,3],"2":[0,1],"3":[3,0],"4":[2,1],"5":[0,3],"6":[49,469],"7":[49,0],"8":[41,0],"9":[0,0],"10":[0,1],"11":[0,0],"12":[0,0],"13":[0,0],"14":[0,0]},"_coverageSchema":"332fd63041d2c1bcb487cc26dd0d5f7d97098a6c","hash":"5b9ab0cb02935b8cb4e758eeee93c7207704be4f"}
}
