TN:
SF:/home/laboratoriad301/Documentos/Track-Frond/SCL007-md-links/index.js
FN:14,(anonymous_0)
FN:15,(anonymous_1)
FN:16,(anonymous_2)
FN:22,(anonymous_3)
FN:27,(anonymous_4)
FN:29,(anonymous_5)
FN:35,(anonymous_6)
FN:52,(anonymous_7)
FN:53,(anonymous_8)
FN:55,(anonymous_9)
FN:58,(anonymous_10)
FN:71,(anonymous_11)
FN:73,(anonymous_12)
FN:74,(anonymous_13)
FN:100,(anonymous_14)
FN:102,(anonymous_15)
FN:105,(anonymous_16)
FN:114,(anonymous_17)
FN:126,(anonymous_18)
FN:127,(anonymous_19)
FN:129,(anonymous_20)
FN:132,(anonymous_21)
FN:133,(anonymous_22)
FN:137,(anonymous_23)
FN:140,(anonymous_24)
FN:143,(anonymous_25)
FN:147,(anonymous_26)
FN:151,(anonymous_27)
FN:152,(anonymous_28)
FN:156,(anonymous_29)
FN:159,(anonymous_30)
FN:165,(anonymous_31)
FN:170,(anonymous_32)
FN:173,(anonymous_33)
FN:182,(anonymous_34)
FN:204,(anonymous_35)
FNF:36
FNH:30
FNDA:4,(anonymous_0)
FNDA:4,(anonymous_1)
FNDA:4,(anonymous_2)
FNDA:1,(anonymous_3)
FNDA:1,(anonymous_4)
FNDA:1,(anonymous_5)
FNDA:0,(anonymous_6)
FNDA:3,(anonymous_7)
FNDA:3,(anonymous_8)
FNDA:3,(anonymous_9)
FNDA:3,(anonymous_10)
FNDA:3,(anonymous_11)
FNDA:3,(anonymous_12)
FNDA:3,(anonymous_13)
FNDA:49,(anonymous_14)
FNDA:49,(anonymous_15)
FNDA:41,(anonymous_16)
FNDA:0,(anonymous_17)
FNDA:3,(anonymous_18)
FNDA:3,(anonymous_19)
FNDA:3,(anonymous_20)
FNDA:3,(anonymous_21)
FNDA:3,(anonymous_22)
FNDA:3,(anonymous_23)
FNDA:3,(anonymous_24)
FNDA:49,(anonymous_25)
FNDA:0,(anonymous_26)
FNDA:3,(anonymous_27)
FNDA:49,(anonymous_28)
FNDA:3,(anonymous_29)
FNDA:0,(anonymous_30)
FNDA:0,(anonymous_31)
FNDA:1,(anonymous_32)
FNDA:5,(anonymous_33)
FNDA:1,(anonymous_34)
FNDA:0,(anonymous_35)
DA:3,1
DA:4,1
DA:5,1
DA:6,1
DA:7,1
DA:8,1
DA:11,1
DA:14,1
DA:15,4
DA:16,4
DA:18,4
DA:19,0
DA:21,4
DA:22,1
DA:23,1
DA:24,0
DA:27,1
DA:29,1
DA:30,1
DA:32,1
DA:35,1
DA:36,0
DA:37,0
DA:41,3
DA:42,3
DA:44,0
DA:52,1
DA:53,3
DA:54,3
DA:55,3
DA:56,3
DA:58,3
DA:59,3
DA:60,2
DA:63,1
DA:66,3
DA:71,1
DA:73,3
DA:74,3
DA:75,3
DA:76,3
DA:77,0
DA:79,3
DA:81,3
DA:82,518
DA:84,518
DA:85,49
DA:86,49
DA:95,3
DA:100,1
DA:102,49
DA:103,49
DA:104,49
DA:106,41
DA:107,41
DA:108,0
DA:109,0
DA:111,0
DA:115,0
DA:118,0
DA:126,1
DA:127,3
DA:128,3
DA:130,3
DA:133,3
DA:134,3
DA:138,3
DA:141,3
DA:142,3
DA:143,3
DA:144,49
DA:147,3
DA:148,0
DA:152,3
DA:153,49
DA:157,3
DA:160,0
DA:165,1
DA:166,0
DA:167,0
DA:170,1
DA:172,1
DA:173,1
DA:174,5
DA:176,1
DA:177,1
DA:178,1
DA:179,1
DA:182,1
DA:183,1
DA:184,1
DA:185,5
DA:186,5
DA:188,1
DA:191,1
DA:192,0
DA:195,0
DA:196,0
DA:197,0
DA:199,0
DA:203,0
DA:205,0
DA:206,0
DA:208,0
DA:209,0
DA:211,0
DA:212,0
DA:217,1
LF:108
LH:81
BRDA:18,0,0,0
BRDA:18,0,1,4
BRDA:21,1,0,1
BRDA:21,1,1,3
BRDA:23,2,0,0
BRDA:23,2,1,1
BRDA:41,3,0,3
BRDA:41,3,1,0
BRDA:59,4,0,2
BRDA:59,4,1,1
BRDA:76,5,0,0
BRDA:76,5,1,3
BRDA:84,6,0,49
BRDA:84,6,1,469
BRDA:103,7,0,49
BRDA:103,7,1,0
BRDA:106,8,0,41
BRDA:106,8,1,0
BRDA:108,9,0,0
BRDA:108,9,1,0
BRDA:191,10,0,0
BRDA:191,10,1,1
BRDA:196,11,0,0
BRDA:196,11,1,0
BRDA:205,12,0,0
BRDA:205,12,1,0
BRDA:208,13,0,0
BRDA:208,13,1,0
BRDA:211,14,0,0
BRDA:211,14,1,0
BRF:30
BRH:13
end_of_record
